2024-11-25 01:52:51,950 - chatbot_log - INFO - User query: Hell, what is You Nmae?
2024-11-25 01:52:51,950 - chatbot_log - INFO - Chatbot response: You Nmae is a song by U2 band The Nmae.
2024-11-25 01:52:51,950 - chatbot_log - INFO - Time taken: 2.49 seconds
2024-11-25 01:52:51,951 - chatbot_log - INFO - Saved query and response to file.
2024-11-25 01:53:09,128 - chatbot_log - INFO - User query: How u can Help Me?
2024-11-25 01:53:09,128 - chatbot_log - INFO - Chatbot response: You are a helpful assistant for a restaurant in Saudi Arabia
2024-11-25 01:53:09,128 - chatbot_log - INFO - Time taken: 1.12 seconds
2024-11-25 01:53:09,128 - chatbot_log - INFO - Saved query and response to file.
2024-11-25 01:53:25,341 - chatbot_log - INFO - User query: What is the food u have?
2024-11-25 01:53:25,341 - chatbot_log - INFO - Chatbot response: Grilled Salmon: Freshly grilled fish, served with rice and salad. (Ingredients: Fish, rice, salad (lettuce, tomatoes, cucumbers), Allergens: None
2024-11-25 01:53:25,341 - chatbot_log - INFO - Time taken: 2.93 seconds
2024-11-25 01:53:25,341 - chatbot_log - INFO - Saved query and response to file.
2024-11-25 01:53:45,114 - chatbot_log - INFO - User query: another Grilled Salmon
2024-11-25 01:53:45,114 - chatbot_log - INFO - Chatbot response: The restaurant has two different types of fish.
2024-11-25 01:53:45,115 - chatbot_log - INFO - Time taken: 0.90 seconds
2024-11-25 01:53:45,115 - chatbot_log - INFO - Saved query and response to file.
2024-11-25 01:54:02,298 - chatbot_log - INFO - User query: whiat is the types of fish?
2024-11-25 01:54:02,299 - chatbot_log - INFO - Chatbot response: Hamour or Seabass
2024-11-25 01:54:02,299 - chatbot_log - INFO - Time taken: 0.74 seconds
2024-11-25 01:54:02,299 - chatbot_log - INFO - Saved query and response to file.
2024-11-25 01:54:10,844 - chatbot_log - INFO - User query: Reall
2024-11-25 01:54:10,844 - chatbot_log - INFO - Chatbot response: We are a restaurant located in the city of Reall
2024-11-25 01:54:10,844 - chatbot_log - INFO - Time taken: 1.12 seconds
2024-11-25 01:54:10,844 - chatbot_log - INFO - Saved query and response to file.
2024-11-25 01:54:18,678 - chatbot_log - INFO - User query: Hhh
2024-11-25 01:54:18,678 - chatbot_log - INFO - Chatbot response: What is your restaurant's address?
2024-11-25 01:54:18,678 - chatbot_log - INFO - Time taken: 0.79 seconds
2024-11-25 01:54:18,678 - chatbot_log - INFO - Saved query and response to file.
2024-11-25 01:54:40,161 - chatbot_log - INFO - User query: I dont know, tell what is the best dirn u have?]
2024-11-25 01:54:40,162 - chatbot_log - INFO - Chatbot response: I don't know, tell me what is the best dirn u have
2024-11-25 01:54:40,162 - chatbot_log - INFO - Time taken: 1.38 seconds
2024-11-25 01:54:40,162 - chatbot_log - INFO - Saved query and response to file.
2024-11-25 01:54:50,471 - chatbot_log - INFO - User query: i have the Vodika
2024-11-25 01:54:50,471 - chatbot_log - INFO - Chatbot response: Is it vegetarian or vegan?
2024-11-25 01:54:50,471 - chatbot_log - INFO - Time taken: 0.77 seconds
2024-11-25 01:54:50,471 - chatbot_log - INFO - Saved query and response to file.
2024-11-25 01:55:00,549 - chatbot_log - INFO - User query: it is alcohal
2024-11-25 01:55:00,549 - chatbot_log - INFO - Chatbot response: 
2024-11-25 01:55:00,549 - chatbot_log - INFO - Time taken: 0.40 seconds
2024-11-25 01:55:00,550 - chatbot_log - INFO - Saved query and response to file.
2024-11-25 01:56:51,683 - chatbot_log - INFO - User query: Hello, whatu do here?
2024-11-25 01:56:51,683 - chatbot_log - INFO - Chatbot response: You are a helpful assistant for a restaurant in Saudi Arabia
2024-11-25 01:56:51,683 - chatbot_log - INFO - Time taken: 2.14 seconds
2024-11-25 01:58:52,424 - chatbot_log - INFO - User query: Hello, What u do here?
2024-11-25 01:58:52,424 - chatbot_log - INFO - Chatbot response: Welcome to our restaurant.
2024-11-25 01:58:52,424 - chatbot_log - INFO - Time taken: 1.71 seconds
2024-11-25 01:59:12,347 - chatbot_log - INFO - User query: You can tell me what is your job here?
2024-11-25 01:59:12,347 - chatbot_log - INFO - Chatbot response: Helping with the kitchen
2024-11-25 01:59:12,347 - chatbot_log - INFO - Time taken: 0.67 seconds
2024-11-25 01:59:44,692 - chatbot_log - INFO - User query: You can tell the best dash you services?
2024-11-25 01:59:44,693 - chatbot_log - INFO - Chatbot response: The best dash you services
2024-11-25 01:59:44,693 - chatbot_log - INFO - Time taken: 0.75 seconds
2024-11-25 01:59:54,066 - chatbot_log - INFO - User query: what is the best dis
2024-11-25 01:59:54,066 - chatbot_log - INFO - Chatbot response: The best dish on your menu is the grilled salmon with lemon butter.
2024-11-25 01:59:54,066 - chatbot_log - INFO - Time taken: 1.20 seconds
2024-11-25 02:00:05,496 - chatbot_log - INFO - User query: thank u
2024-11-25 02:00:05,496 - chatbot_log - INFO - Chatbot response: Thank you for your help.
2024-11-25 02:00:05,496 - chatbot_log - INFO - Time taken: 0.67 seconds
2024-11-25 02:00:14,009 - chatbot_log - INFO - User query: you are help
2024-11-25 02:00:14,010 - chatbot_log - INFO - Chatbot response: Helpful assistant
2024-11-25 02:00:14,010 - chatbot_log - INFO - Time taken: 0.52 seconds
2024-11-25 02:04:43,670 - chatbot_log - INFO - User query: Hello?
2024-11-25 02:04:43,671 - chatbot_log - INFO - Chatbot response: Hello.
2024-11-25 02:04:43,671 - chatbot_log - INFO - Time taken: 1.54 seconds
2024-11-25 02:04:51,776 - chatbot_log - INFO - User query: What u do here?
2024-11-25 02:04:51,776 - chatbot_log - INFO - Chatbot response: Is there a specific type of food you serve?
2024-11-25 02:04:51,777 - chatbot_log - INFO - Time taken: 1.19 seconds
2024-11-25 02:05:06,368 - chatbot_log - INFO - User query: You tell?
2024-11-25 02:05:06,368 - chatbot_log - INFO - Chatbot response: Is there a special menu item?
2024-11-25 02:05:06,368 - chatbot_log - INFO - Time taken: 0.94 seconds
2024-11-25 02:05:28,284 - chatbot_log - INFO - User query: I don't now u can help me for chooes the food?
2024-11-25 02:05:28,284 - chatbot_log - INFO - Chatbot response: I don't know, I'm not sure.
2024-11-25 02:05:28,284 - chatbot_log - INFO - Time taken: 1.19 seconds
2024-11-25 02:05:45,652 - chatbot_log - INFO - User query: no tell me what is the food u have?
2024-11-25 02:05:45,652 - chatbot_log - INFO - Chatbot response: The restaurant has a variety of dishes including grilled fish, chicken, and a variety of desserts.
2024-11-25 02:05:45,652 - chatbot_log - INFO - Time taken: 1.75 seconds
2024-11-25 02:06:00,312 - chatbot_log - INFO - User query: Give the mnue for the food.
2024-11-25 02:06:00,313 - chatbot_log - INFO - Chatbot response: The food is served in a tin jar.
2024-11-25 02:06:00,313 - chatbot_log - INFO - Time taken: 1.20 seconds
2024-11-25 02:06:22,847 - chatbot_log - INFO - User query: what u a bad asstent.
2024-11-25 02:06:22,847 - chatbot_log - INFO - Chatbot response: A bad asstent is a device used to treat a broken heart.
2024-11-25 02:06:22,848 - chatbot_log - INFO - Time taken: 1.48 seconds
2024-11-25 02:08:42,165 - chatbot_log - INFO - User query: hello How are u?
2024-11-25 02:08:42,165 - chatbot_log - INFO - Chatbot response: i am fine
2024-11-25 02:08:42,165 - chatbot_log - INFO - Time taken: 1.55 seconds
2024-11-25 02:08:56,333 - chatbot_log - INFO - User query: What you do here?
2024-11-25 02:08:56,333 - chatbot_log - INFO - Chatbot response: No
2024-11-25 02:08:56,333 - chatbot_log - INFO - Time taken: 0.40 seconds
2024-11-25 02:09:03,696 - chatbot_log - INFO - User query: What No?
2024-11-25 02:09:03,696 - chatbot_log - INFO - Chatbot response: Chicken Mandi: A slow-cooked chicken dish cooked underground, resulting in tender, flavorful meat and fragrant rice.
2024-11-25 02:09:03,696 - chatbot_log - INFO - Time taken: 1.83 seconds
2024-11-25 02:09:13,322 - chatbot_log - INFO - User query: thank u?
2024-11-25 02:09:13,322 - chatbot_log - INFO - Chatbot response: Thank you
2024-11-25 02:09:13,322 - chatbot_log - INFO - Time taken: 0.46 seconds
2024-11-25 02:09:19,250 - chatbot_log - INFO - User query: good night.
2024-11-25 02:09:19,250 - chatbot_log - INFO - Chatbot response: thank you
2024-11-25 02:09:19,250 - chatbot_log - INFO - Time taken: 0.49 seconds
2024-11-25 02:09:22,191 - chatbot_log - INFO - User query: clear
2024-11-25 02:09:22,191 - chatbot_log - INFO - Chatbot response: What color?
2024-11-25 02:09:22,191 - chatbot_log - INFO - Time taken: 0.55 seconds
2024-11-25 02:09:32,121 - chatbot_log - INFO - User query: White
2024-11-25 02:09:32,122 - chatbot_log - INFO - Chatbot response: a plate of sauttered fish in a black olive pit (ingredients: prawn, salmon, vegetable tabb, black pepper, turmeric, white pepper, spices (black pepper, turmeric, saffron))
2024-11-25 02:09:32,122 - chatbot_log - INFO - Time taken: 3.32 seconds
2024-11-25 02:09:52,946 - chatbot_log - INFO - User query: Helpe me for chooes food:)
2024-11-25 02:09:52,946 - chatbot_log - INFO - Chatbot response: This article is about the main ways that an assistant can help you choose food.
2024-11-25 02:09:52,946 - chatbot_log - INFO - Time taken: 1.24 seconds
2024-11-25 02:10:09,444 - chatbot_log - INFO - User query: What is the food have rice
2024-11-25 02:10:09,444 - chatbot_log - INFO - Chatbot response: Rice
2024-11-25 02:10:09,444 - chatbot_log - INFO - Time taken: 0.48 seconds
2024-11-25 02:10:16,119 - chatbot_log - INFO - User query: Yse
2024-11-25 02:10:16,120 - chatbot_log - INFO - Chatbot response: Yemeni or Arab may prefer sauerkraut to chicken.
2024-11-25 02:10:16,120 - chatbot_log - INFO - Time taken: 1.04 seconds
2024-11-25 21:40:08,345 - chatbot_log - INFO - User query: How u can help me?
2024-11-25 21:40:08,346 - chatbot_log - INFO - Chatbot response: You want to become a manager in a restaurant in Saudi Arabia?
2024-11-25 21:40:08,347 - chatbot_log - INFO - Time taken: 4.46 seconds
2024-11-25 21:47:01,530 - chatbot_log - INFO - User query: What is the food u sreverice
2024-11-25 21:47:01,530 - chatbot_log - INFO - Chatbot response: Grilled fish
2024-11-25 21:47:01,530 - chatbot_log - INFO - Time taken: 0.64 seconds
2024-11-25 21:55:15,427 - chatbot_log - INFO - User query: What is the BestFood U Have?
2024-11-25 21:55:15,427 - chatbot_log - INFO - Chatbot response: A top food pick is the grilled salmon with lemon butter.
2024-11-25 21:55:15,427 - chatbot_log - INFO - Time taken: 1.23 seconds
2024-11-25 22:52:26,628 - chatbot_log - INFO - User query: Hello
2024-11-25 22:52:26,628 - chatbot_log - INFO - Chatbot response: Hello, I am David Moore, a teacher and student at University of Northumbria.
2024-11-25 22:52:26,628 - chatbot_log - INFO - Time taken: 2.24 seconds
2024-11-25 22:53:12,040 - chatbot_log - INFO - User query: what is your work?
2024-11-25 22:53:12,040 - chatbot_log - INFO - Chatbot response: Cooking is not our job,
2024-11-25 22:53:12,040 - chatbot_log - INFO - Time taken: 0.79 seconds
2024-11-25 22:53:35,553 - chatbot_log - INFO - User query: you can tell me what do here and how u can help me?
2024-11-25 22:53:35,553 - chatbot_log - INFO - Chatbot response: The following are some of the things you can help.
2024-11-25 22:53:35,553 - chatbot_log - INFO - Time taken: 1.00 seconds
2024-11-25 22:53:54,365 - chatbot_log - INFO - User query: Tell me what u do here
2024-11-25 22:53:54,366 - chatbot_log - INFO - Chatbot response: We are in Saudi Arabia and help with your food.
2024-11-25 22:53:54,366 - chatbot_log - INFO - Time taken: 1.02 seconds
2024-11-25 22:54:13,593 - chatbot_log - INFO - User query: Tell me more about food.
2024-11-25 22:54:13,593 - chatbot_log - INFO - Chatbot response: Freshly grilled fish, served with rice and salad.
2024-11-25 22:54:13,593 - chatbot_log - INFO - Time taken: 1.03 seconds
2024-11-25 22:54:27,497 - chatbot_log - INFO - User query: another 
2024-11-25 22:54:27,497 - chatbot_log - INFO - Chatbot response: Beef in the kebabs and chicken on the mixed grill
2024-11-25 22:54:27,498 - chatbot_log - INFO - Time taken: 1.34 seconds
2024-11-25 22:58:34,454 - chatbot_log - INFO - User query: u can tell me more about kebabs and chiken
2024-11-25 22:58:34,454 - chatbot_log - INFO - Chatbot response: Kababsa is similar to Kabsa Chicken, but with chicken instead of lamb. (Ingredients: Rice, chicken, onions, tomatoes, garlic, ginger, cardamom, cloves, cinnamon, saffron, nuts (almonds, cashews), Allergens: Nuts, gluten (if using soy sauce)) ...
2024-11-25 22:58:34,454 - chatbot_log - INFO - Time taken: 5.25 seconds
2024-11-25 22:59:22,253 - chatbot_log - INFO - User query: What u have dezart
2024-11-25 22:59:22,253 - chatbot_log - INFO - Chatbot response: We have marinated pork, lamb and ribs with a sweet and sour sauce.
2024-11-25 22:59:22,253 - chatbot_log - INFO - Time taken: 1.53 seconds
2024-11-25 23:01:53,846 - chatbot_log - INFO - User query: What u have dezart
2024-11-25 23:01:53,846 - chatbot_log - INFO - Chatbot response: Luqaimat
2024-11-25 23:01:53,846 - chatbot_log - INFO - Time taken: 1.35 seconds
2024-11-25 23:03:21,569 - chatbot_log - INFO - User query: What u have dezart
2024-11-25 23:03:21,569 - chatbot_log - INFO - Chatbot response: Bukaa
2024-11-25 23:03:21,570 - chatbot_log - INFO - Time taken: 0.53 seconds
2024-11-25 23:03:37,821 - chatbot_log - INFO - User query: What are the restaurant's opening hours?
2024-11-25 23:03:37,821 - chatbot_log - INFO - Chatbot response: We restaurant is open from 12:00 PM to 11:00 PM, seven days a week.
2024-11-25 23:03:37,821 - chatbot_log - INFO - Time taken: 1.40 seconds
2024-11-25 23:07:12,969 - chatbot_log - INFO - User query: Do you offer home delivery?
2024-11-25 23:07:12,969 - chatbot_log - INFO - Chatbot response: No, we offer delivery services.
2024-11-25 23:07:12,969 - chatbot_log - INFO - Time taken: 0.80 seconds
2024-11-25 23:07:33,941 - chatbot_log - INFO - User query: Is the restaurant halal?
2024-11-25 23:07:33,941 - chatbot_log - INFO - Chatbot response: Yes, we have a dining experience for all.
2024-11-25 23:07:33,941 - chatbot_log - INFO - Time taken: 1.08 seconds
2024-11-25 23:07:50,150 - chatbot_log - INFO - User query: Can I make a reservation for 4 people?
2024-11-25 23:07:50,150 - chatbot_log - INFO - Chatbot response: Yes, 4 people are considered a larger party
2024-11-25 23:07:50,150 - chatbot_log - INFO - Time taken: 0.98 seconds
2024-11-25 23:08:06,048 - chatbot_log - INFO - User query: What types of payment do you accept?
2024-11-25 23:08:06,048 - chatbot_log - INFO - Chatbot response: credit cards, debit cards, and cash.
2024-11-25 23:08:06,048 - chatbot_log - INFO - Time taken: 0.85 seconds
2024-11-25 23:08:19,847 - chatbot_log - INFO - User query: Do you offer vegetarian or vegan options?
2024-11-25 23:08:19,847 - chatbot_log - INFO - Chatbot response: Yes, we have several vegetarian dishes on our menu.
2024-11-25 23:08:19,847 - chatbot_log - INFO - Time taken: 1.04 seconds
2024-11-25 23:08:44,969 - chatbot_log - INFO - User query: What are the daily specials?
2024-11-25 23:08:44,970 - chatbot_log - INFO - Chatbot response: Our restaurant is open from 12:00 PM to 11:00 PM, seven days a week.
2024-11-25 23:08:44,970 - chatbot_log - INFO - Time taken: 1.36 seconds
2024-11-25 23:08:58,476 - chatbot_log - INFO - User query: Do you have a kids' menu?
2024-11-25 23:08:58,477 - chatbot_log - INFO - Chatbot response: Yes, we offer a kids' menu with smaller portions and kid-friendly options
2024-11-25 23:08:58,477 - chatbot_log - INFO - Time taken: 1.54 seconds
2024-11-25 23:09:08,273 - chatbot_log - INFO - User query: Can I see the menu?
2024-11-25 23:09:08,273 - chatbot_log - INFO - Chatbot response: Yes, this restaurant has menu items: Chicken Machboos: Spiced chicken and rice dish with a flavorful broth
2024-11-25 23:09:08,273 - chatbot_log - INFO - Time taken: 1.76 seconds
2024-11-25 23:10:30,590 - chatbot_log - INFO - User query: Can I see the menu?
2024-11-25 23:10:30,590 - chatbot_log - INFO - Chatbot response: Yes, please see the menu.
2024-11-25 23:10:30,590 - chatbot_log - INFO - Time taken: 3.29 seconds
2024-11-25 23:10:41,092 - chatbot_log - INFO - User query: Can I see the menu?
2024-11-25 23:10:41,092 - chatbot_log - INFO - Chatbot response: Yes, you can see the menu on our website.
2024-11-25 23:10:41,092 - chatbot_log - INFO - Time taken: 2.73 seconds
2024-11-25 23:11:03,394 - chatbot_log - INFO - User query: Do you have any discounts or promotions available?
2024-11-25 23:11:03,394 - chatbot_log - INFO - Chatbot response: Yes, we offer a loyalty program with discounts and rewards.
2024-11-25 23:11:03,394 - chatbot_log - INFO - Time taken: 2.47 seconds
2024-11-25 23:11:20,279 - chatbot_log - INFO - User query: Can I order a chicken burger?
2024-11-25 23:11:20,279 - chatbot_log - INFO - Chatbot response: Yes, we offer a variety of chicken burgers.
2024-11-25 23:11:20,279 - chatbot_log - INFO - Time taken: 2.90 seconds
2024-11-25 23:11:57,440 - chatbot_log - INFO - User query: I’d like to order pizza with extra cheese.
2024-11-25 23:11:57,440 - chatbot_log - INFO - Chatbot response: n n  n  n                                                                                                                                               
2024-11-25 23:11:57,440 - chatbot_log - INFO - Time taken: 19.70 seconds
2024-11-25 23:12:20,356 - chatbot_log - INFO - User query: Can I customize my order (e.g., remove onions)?
2024-11-25 23:12:20,356 - chatbot_log - INFO - Chatbot response: Can I customize my order?
2024-11-25 23:12:20,356 - chatbot_log - INFO - Time taken: 2.25 seconds
2024-11-25 23:12:34,927 - chatbot_log - INFO - User query: Can I customize my order (e.g., remove onions)?
2024-11-25 23:12:34,927 - chatbot_log - INFO - Chatbot response: Yes, we offer a variety of customization options for your order.
2024-11-25 23:12:34,927 - chatbot_log - INFO - Time taken: 2.71 seconds
2024-11-25 23:18:34,446 - chatbot_log - INFO - User query: Can I see the menu?
2024-11-25 23:18:34,446 - chatbot_log - INFO - Chatbot response: Yes, please see the menu.
2024-11-25 23:18:34,446 - chatbot_log - INFO - Time taken: 3.37 seconds
2024-11-25 23:19:07,444 - chatbot_log - INFO - User query: What is the delivery fee?
2024-11-25 23:19:07,444 - chatbot_log - INFO - Chatbot response: The delivery fee is 15 SAR within a 5km radius.
2024-11-25 23:19:07,444 - chatbot_log - INFO - Time taken: 2.42 seconds
2024-11-25 23:19:47,403 - chatbot_log - INFO - User query: How can I contact customer service?
2024-11-25 23:19:47,403 - chatbot_log - INFO - Chatbot response: 123-456-7890 or emailing support@restaurant.com.
2024-11-25 23:19:47,403 - chatbot_log - INFO - Time taken: 2.79 seconds
2024-11-25 23:19:59,735 - chatbot_log - INFO - User query: Do you have any gluten-free options?
2024-11-25 23:19:59,735 - chatbot_log - INFO - Chatbot response: Yes, we have gluten-free pasta and pizza options.
2024-11-25 23:19:59,735 - chatbot_log - INFO - Time taken: 2.53 seconds
2024-11-25 23:25:07,931 - chatbot_log - INFO - User query: هاي
2024-11-25 23:25:07,931 - chatbot_log - INFO - Chatbot response: Arabic Salad: A refreshing salad with tomatoes, cucumbers, onions, parsley, and a lemon-vinaigrette dressing. (Ingredients: Tomatoes, cucumbers, onions, parsley, lemon juice, olive oil, Allergens: None)
2024-11-25 23:25:07,931 - chatbot_log - INFO - Time taken: 6.32 seconds
2024-11-25 23:25:13,416 - chatbot_log - INFO - User query: هاي
2024-11-25 23:25:13,416 - chatbot_log - INFO - Chatbot response: Arabic Salad: A refreshing salad with tomatoes, cucumbers, onions, parsley, and a lemon-vinaigrette dressing. (Ingredients: Tomatoes, cucumbers, onions, parsley, lemon juice, olive oil, Allergens: None)
2024-11-25 23:25:13,416 - chatbot_log - INFO - Time taken: 5.48 seconds
2024-11-25 23:25:18,858 - chatbot_log - INFO - User query: هاي
2024-11-25 23:25:18,858 - chatbot_log - INFO - Chatbot response: Arabic Salad: A refreshing salad with tomatoes, cucumbers, onions, parsley, and a lemon-vinaigrette dressing. (Ingredients: Tomatoes, cucumbers, onions, parsley, lemon juice, olive oil, Allergens: None)
2024-11-25 23:25:18,858 - chatbot_log - INFO - Time taken: 5.44 seconds
2024-11-25 23:25:47,284 - chatbot_log - INFO - User query: كيف
2024-11-25 23:25:47,284 - chatbot_log - INFO - Chatbot response: How much is a single meal?
2024-11-25 23:25:47,284 - chatbot_log - INFO - Time taken: 2.35 seconds
2024-11-25 23:25:50,658 - chatbot_log - INFO - User query: What is lasagna?
2024-11-25 23:25:50,658 - chatbot_log - INFO - Chatbot response: A: Lasagna is a traditional dish of Italian cuisine.
2024-11-25 23:25:50,658 - chatbot_log - INFO - Time taken: 3.37 seconds
2024-11-25 23:26:09,095 - chatbot_log - INFO - User query: شو في عندك اكل
2024-11-25 23:26:09,095 - chatbot_log - INFO - Chatbot response: Saudi Arabian cuisine
2024-11-25 23:26:09,096 - chatbot_log - INFO - Time taken: 2.29 seconds
2024-11-25 23:26:29,240 - chatbot_log - INFO - User query: What is tomato fryer?
2024-11-25 23:26:29,240 - chatbot_log - INFO - Chatbot response: Tomato fryer is a type of vegetable fryer.
2024-11-25 23:26:29,240 - chatbot_log - INFO - Time taken: 3.24 seconds
2024-11-25 23:26:40,076 - chatbot_log - INFO - User query: انصحني ب طعام لذيذ
2024-11-25 23:26:40,076 - chatbot_log - INFO - Chatbot response: Is there a specific type of food you would like to try?
2024-11-25 23:26:40,076 - chatbot_log - INFO - Time taken: 2.59 seconds
2024-11-25 23:27:44,558 - chatbot_log - INFO - User query: السوشي
2024-11-25 23:27:44,558 - chatbot_log - INFO - Chatbot response: Arabic Salad: A refreshing salad with tomatoes, cucumbers, onions, parsley, and a lemon-vinaigrette dressing. (Ingredients: Tomatoes, cucumbers, onions, parsley, lemon juice, olive oil, Allergens: None)
2024-11-25 23:27:44,558 - chatbot_log - INFO - Time taken: 5.83 seconds
2024-11-25 23:28:07,462 - chatbot_log - INFO - User query: Sushi
2024-11-25 23:28:07,462 - chatbot_log - INFO - Chatbot response: Yes, we offer a variety of vegetarian sushi rolls.
2024-11-25 23:28:07,462 - chatbot_log - INFO - Time taken: 2.62 seconds
2024-11-25 23:28:22,949 - chatbot_log - INFO - User query: What is Sushi?
2024-11-25 23:28:22,949 - chatbot_log - INFO - Chatbot response: A traditional Yemeni stew
2024-11-25 23:28:22,949 - chatbot_log - INFO - Time taken: 2.56 seconds
2024-11-25 23:28:55,338 - chatbot_log - INFO - User query: Can I have my meal served at a specific time?
2024-11-25 23:28:55,338 - chatbot_log - INFO - Chatbot response: Yes, you can specify a delivery time when placing your order.
2024-11-25 23:28:55,338 - chatbot_log - INFO - Time taken: 2.58 seconds
2024-11-26 00:24:09,737 - chatbot_log - INFO - User query: Can I see the menu?
2024-11-26 00:24:09,737 - chatbot_log - INFO - Chatbot response: Yes, you can view our menu online or ask our staff for a printed copy.
2024-11-26 00:24:09,737 - chatbot_log - INFO - Time taken: 3.98 seconds
2024-11-26 00:25:50,827 - chatbot_log - INFO - User query: Can I see the menu?
2024-11-26 00:25:50,827 - chatbot_log - INFO - Chatbot response: Yes, we have a menu online or ask our staff for a printed copy.
2024-11-26 00:25:50,827 - chatbot_log - INFO - Time taken: 3.99 seconds
2024-11-26 00:25:59,090 - chatbot_log - INFO - User query: Can I see the menu?
2024-11-26 00:25:59,090 - chatbot_log - INFO - Chatbot response: Sure! You can view our menu online or ask our staff for a printed copy.
2024-11-26 00:25:59,090 - chatbot_log - INFO - Time taken: 3.41 seconds
2024-11-26 00:33:45,237 - chatbot_log - INFO - User query: Can I see the menu?
2024-11-26 00:33:45,237 - chatbot_log - INFO - Chatbot response: Sure! You can view our menu online or ask our staff for a printed copy.
2024-11-26 00:33:45,238 - chatbot_log - INFO - Time taken: 5.21 seconds
2024-11-26 01:32:59,402 - chatbot_log - INFO - User query: Hello
2024-11-26 01:32:59,402 - chatbot_log - INFO - Chatbot response: Hello, how can I help you?
2024-11-26 01:32:59,402 - chatbot_log - INFO - Time taken: 3.10 seconds
Test log entry at Tue Nov 26 01:35:06 UTC 2024
2024-11-26 01:37:51,281 - chatbot_log - INFO - User query: Can I customize my order (e.g., remove onions)?
2024-11-26 01:37:51,282 - chatbot_log - INFO - Chatbot response: Yes, you can customize your order. Just let us know what you'd like to change.
2024-11-26 01:37:51,282 - chatbot_log - INFO - Time taken: 3.32 seconds
2024-11-26 01:41:21,861 - chatbot_log - INFO - User query: Can I see the menu?
2024-11-26 01:41:21,861 - chatbot_log - INFO - Chatbot response: Sure! You can view our menu online or ask our staff for a printed copy.
2024-11-26 01:41:21,861 - chatbot_log - INFO - Time taken: 3.55 seconds
2024-11-26 01:46:03,694 - chatbot_log - INFO - User query: Can I see the menu?
2024-11-26 01:46:03,694 - chatbot_log - INFO - Chatbot response: Sure! You can view our menu online or ask our staff for a printed copy.
2024-11-26 01:46:03,694 - chatbot_log - INFO - Time taken: 3.36 seconds
2024-11-26 01:48:11,267 - chatbot_log - INFO - User query: Can I see the menu?
2024-11-26 01:48:11,267 - chatbot_log - INFO - Chatbot response: Yes, we have a menu online or ask our staff for a printed copy.
2024-11-26 01:48:11,267 - chatbot_log - INFO - Time taken: 4.22 seconds
2024-11-26 01:48:19,193 - chatbot_log - INFO - User query: Can I see the menu?
2024-11-26 01:48:19,193 - chatbot_log - INFO - Chatbot response: Yes, you can view our menu online or ask our staff for a printed copy.
2024-11-26 01:48:19,193 - chatbot_log - INFO - Time taken: 3.53 seconds
2024-11-26 01:55:11,488 - chatbot_log - INFO - User query: Can I see the menu?
2024-11-26 01:55:11,488 - chatbot_log - INFO - Chatbot response: Yes, we have a menu online or ask our staff for a printed copy.
2024-11-26 01:55:11,488 - chatbot_log - INFO - Time taken: 3.49 seconds
2024-11-26 01:57:31,077 - chatbot_log - INFO - User query: you can tell me what do here and how u can help me?
2024-11-26 01:57:31,077 - chatbot_log - INFO - Chatbot response: A: Sure! Please contact customer service with your order details, and we will assist you.
2024-11-26 01:57:31,077 - chatbot_log - INFO - Time taken: 2.99 seconds
2024-11-26 02:16:34,952 - chatbot_log - INFO - User query: Hello 
2024-11-26 02:16:34,952 - chatbot_log - INFO - Chatbot response: Hello, how can I help you?
2024-11-26 02:16:34,952 - chatbot_log - INFO - Time taken: 2.86 seconds
2024-11-26 02:17:27,579 - chatbot_log - INFO - User query: What is the delivery fee?
2024-11-26 02:17:27,579 - chatbot_log - INFO - Chatbot response: The delivery fee is 15 SAR within a 5km radius. For areas further away, additional charges may apply.
2024-11-26 02:17:27,580 - chatbot_log - INFO - Time taken: 2.94 seconds
2024-11-26 02:28:02,384 - chatbot_log - INFO - User query: u have lazania
2024-11-26 02:28:02,384 - chatbot_log - INFO - Chatbot response: yes
2024-11-26 02:28:02,384 - chatbot_log - INFO - Time taken: 1.66 seconds
2024-11-26 02:28:12,815 - chatbot_log - INFO - User query: how mutch?
2024-11-26 02:28:12,815 - chatbot_log - INFO - Chatbot response: A savory pancake filled with spiced minced meat (usually lamb). (Ingredients: Dough (flour, water, oil), minced lamb, onions, spices, Allergens: Gluten)
2024-11-26 02:28:12,815 - chatbot_log - INFO - Time taken: 4.58 seconds
2024-11-26 02:37:26,834 - chatbot_log - INFO - User query: بتعرف عمر الربيع
2024-11-26 02:37:26,835 - chatbot_log - INFO - Chatbot response: The name of the restaurant is "Tahriya Al-Ahriya" ().
2024-11-26 02:37:26,835 - chatbot_log - INFO - Time taken: 3.94 seconds
2024-11-26 02:37:58,710 - chatbot_log - INFO - User query: شو الفرق بين الكبسة و المندي
2024-11-26 02:37:58,710 - chatbot_log - INFO - Chatbot response: We have a casual dress code.
2024-11-26 02:37:58,711 - chatbot_log - INFO - Time taken: 2.33 seconds
2024-11-26 07:03:48,182 - chatbot_log - INFO - User query: you can tell me what do here and how u can help me?
2024-11-26 07:03:48,182 - chatbot_log - INFO - Chatbot response: You can contact customer service by calling 123-456-7890 or emailing support@restaurant.com.
2024-11-26 07:03:48,182 - chatbot_log - INFO - Time taken: 6.11 seconds
2024-11-26 07:43:41,741 - chatbot_log - INFO - User query: Can I see the menu?
2024-11-26 07:43:41,741 - chatbot_log - INFO - Chatbot response: Sure! You can view our menu online or ask our staff for a printed copy.
2024-11-26 07:43:41,742 - chatbot_log - INFO - Time taken: 4.25 seconds
2024-11-26 07:44:07,390 - chatbot_log - INFO - User query: How are u, u can tell wh?
2024-11-26 07:44:07,390 - chatbot_log - INFO - Chatbot response: You are a helpful assistant muslim for a restaurant in Saudi Arabia.
2024-11-26 07:44:07,391 - chatbot_log - INFO - Time taken: 2.61 seconds
2024-11-26 07:44:10,183 - chatbot_log - INFO - User query: How are u, u can tell wh?
2024-11-26 07:44:10,183 - chatbot_log - INFO - Chatbot response: Jareesh: A hearty porridge-like dish made from cracked wheat.
2024-11-26 07:44:10,183 - chatbot_log - INFO - Time taken: 2.79 seconds
2024-11-26 07:44:30,126 - chatbot_log - INFO - User query: How are u, u can tell wh?
2024-11-26 07:44:30,126 - chatbot_log - INFO - Chatbot response: Jareesh: A thick porridge made from cracked wheat, cooked with meat broth or water and often flavored with butter and spices. (Ingredients: Wheat, butter, salt, sometimes cumin and other spices, Allergens: Gluten, Chicken/Lamb)
2024-11-26 07:44:30,127 - chatbot_log - INFO - Time taken: 5.36 seconds
2024-11-26 07:47:03,958 - chatbot_log - INFO - User query: مرحبا
2024-11-26 07:47:03,958 - chatbot_log - INFO - Chatbot response: Is the restaurant located in the city?
2024-11-26 07:47:03,958 - chatbot_log - INFO - Time taken: 2.85 seconds
2024-11-26 07:47:31,894 - chatbot_log - INFO - User query: كمتانتا
2024-11-26 07:47:31,894 - chatbot_log - INFO - Chatbot response: Mansaf: The national dish of Jordan, also popular in Saudi Arabia. Tender lamb cooked in a creamy sauce served over rice with fermented dried yogurt (jameed)
2024-11-26 07:47:31,894 - chatbot_log - INFO - Time taken: 4.84 seconds
2024-11-26 07:56:44,643 - chatbot_log - INFO - User query: <p>he
2024-11-26 07:56:44,643 - chatbot_log - INFO - Chatbot response: Mansaf: The national dish of Jordan, but popular in Saudi Arabia. Tender lamb cooked in a bed of jameed (fermented dried yogurt) and served over rice or bulgur. (Ingredients: Lamb, Jameed (fermented dried yogurt), rice, almonds, Allergens: Dairy (jameed), nuts (pine nuts, almonds))
2024-11-26 07:56:44,643 - chatbot_log - INFO - Time taken: 7.50 seconds
2024-11-26 08:03:00,285 - chatbot_log - INFO - User query: dddd
2024-11-26 08:03:00,286 - chatbot_log - INFO - Chatbot response: dddd
2024-11-26 08:03:00,286 - chatbot_log - INFO - Time taken: 2.84 seconds
2024-11-26 08:03:29,171 - chatbot_log - INFO - User query: u can tell me what the food u service?
2024-11-26 08:03:29,171 - chatbot_log - INFO - Chatbot response: You can find the food on the menu.
2024-11-26 08:03:29,171 - chatbot_log - INFO - Time taken: 2.68 seconds
2024-11-26 08:04:10,408 - chatbot_log - INFO - User query: What is kabsa
2024-11-26 08:04:10,408 - chatbot_log - INFO - Chatbot response: Kabsa: A traditional mixed rice dish with meat and vegetables. (Ingredients: Basmati rice, chicken or lamb, vegetables (carrots, peas, onions), spices (cinnamon, cloves, cardamom), ghee or oil, Allergens: Gluten, Dairy (if ghee is used))
2024-11-26 08:04:10,408 - chatbot_log - INFO - Time taken: 7.51 seconds
