2024-11-26 15:05:51,161 - inference_log - INFO - Loading FLAN-T5 model...
2024-11-26 15:05:52,909 - inference_log - INFO - Successfully loaded the FLAN-T5 model.
2024-11-26 15:05:52,909 - inference_log - INFO - Loading SentenceTransformer model: all-MiniLM-L6-v2...
2024-11-26 15:05:54,256 - inference_log - INFO - Successfully loaded the SentenceTransformer model.
2024-11-26 15:05:54,257 - inference_log - INFO - SentenceTransformer model 'all-MiniLM-L6-v2' loaded successfully.
2024-11-26 15:05:54,257 - inference_log - INFO - Using alternative configuration file: /workspaces/Chatbot-Restaurant/configs/config.yaml
2024-11-26 15:05:54,259 - inference_log - INFO - Successfully loaded configuration from YAML file.
2024-11-26 15:05:54,259 - inference_log - INFO - Configuration loaded successfully.
2024-11-26 15:05:54,259 - inference_log - INFO - Project configuration loaded successfully.
2024-11-26 15:05:54,259 - inference_log - INFO - Database configuration loaded successfully.
2024-11-26 15:05:54,259 - inference_log - INFO - Retrieval configuration loaded successfully.
2024-11-26 15:05:54,259 - inference_log - INFO - Generative model configuration loaded successfully.
2024-11-26 15:05:54,260 - inference_log - INFO - API configuration loaded successfully.
2024-11-26 15:05:54,260 - inference_log - INFO - Connecting to the SQLite database at /workspaces/Chatbot-Restaurant/database/restaurant.db...
2024-11-26 15:05:54,261 - inference_log - INFO - Executing query: SELECT * FROM faqs;
2024-11-26 15:05:54,266 - inference_log - INFO - Query executed successfully and database connection closed.
2024-11-26 15:05:54,266 - inference_log - INFO - Data ingested successfully from /workspaces/Chatbot-Restaurant/database/restaurant.db with query: SELECT * FROM faqs;...
2024-11-26 15:05:54,266 - inference_log - INFO - Connecting to the SQLite database at /workspaces/Chatbot-Restaurant/database/restaurant.db...
2024-11-26 15:05:54,266 - inference_log - INFO - Executing query: SELECT * FROM menu_items;
2024-11-26 15:05:54,274 - inference_log - INFO - Query executed successfully and database connection closed.
2024-11-26 15:05:54,274 - inference_log - INFO - Data ingested successfully from /workspaces/Chatbot-Restaurant/database/restaurant.db with query: SELECT * FROM menu_items;...
2024-11-26 15:05:54,278 - inference_log - INFO - Starting Combining Columns
2024-11-26 15:05:54,278 - inference_log - INFO - Verified Types Columns
2024-11-26 15:05:54,279 - inference_log - INFO - Verified Types Data
2024-11-26 15:05:54,283 - inference_log - INFO - Successfully Combined Columns
2024-11-26 15:05:54,284 - inference_log - INFO - Starting Combining Columns
2024-11-26 15:05:54,284 - inference_log - INFO - Verified Types Columns
2024-11-26 15:05:54,284 - inference_log - INFO - Verified Types Data
2024-11-26 15:05:54,290 - inference_log - INFO - Successfully Combined Columns
2024-11-26 15:05:54,290 - inference_log - INFO - Starting embedding for column: combined
2024-11-26 15:05:56,238 - inference_log - INFO - Successfully generated embeddings for column: combined
2024-11-26 15:05:56,239 - inference_log - INFO - Successfully converted embeddings to a NumPy array.
2024-11-26 15:05:56,239 - inference_log - INFO - Starting embedding for column: combined
2024-11-26 15:06:13,435 - inference_log - INFO - Successfully generated embeddings for column: combined
2024-11-26 15:06:13,436 - inference_log - INFO - Successfully converted embeddings to a NumPy array.
2024-11-26 15:06:13,436 - inference_log - INFO - Starting FAISS index creation. Embedding array shape: (111, 384)
2024-11-26 15:06:13,442 - inference_log - INFO - FAISS index created successfully.
2024-11-26 15:06:13,443 - inference_log - INFO - Embeddings added to the FAISS index successfully.
2024-11-26 15:06:13,443 - inference_log - INFO - FAISS index creation completed successfully.
2024-11-26 15:06:13,443 - inference_log - INFO - Starting FAISS index creation. Embedding array shape: (944, 384)
2024-11-26 15:06:13,443 - inference_log - INFO - FAISS index created successfully.
2024-11-26 15:06:13,444 - inference_log - INFO - Embeddings added to the FAISS index successfully.
2024-11-26 15:06:13,444 - inference_log - INFO - FAISS index creation completed successfully.
2024-11-26 15:06:19,403 - inference_log - INFO - Loading FLAN-T5 model...
2024-11-26 15:06:20,394 - inference_log - INFO - Successfully loaded the FLAN-T5 model.
2024-11-26 15:06:20,394 - inference_log - INFO - Loading SentenceTransformer model: all-MiniLM-L6-v2...
2024-11-26 15:06:21,551 - inference_log - INFO - Successfully loaded the SentenceTransformer model.
2024-11-26 15:06:21,552 - inference_log - INFO - SentenceTransformer model 'all-MiniLM-L6-v2' loaded successfully.
2024-11-26 15:06:21,552 - inference_log - INFO - Using alternative configuration file: /workspaces/Chatbot-Restaurant/configs/config.yaml
2024-11-26 15:06:21,555 - inference_log - INFO - Successfully loaded configuration from YAML file.
2024-11-26 15:06:21,555 - inference_log - INFO - Configuration loaded successfully.
2024-11-26 15:06:21,556 - inference_log - INFO - Project configuration loaded successfully.
2024-11-26 15:06:21,556 - inference_log - INFO - Database configuration loaded successfully.
2024-11-26 15:06:21,556 - inference_log - INFO - Retrieval configuration loaded successfully.
2024-11-26 15:06:21,556 - inference_log - INFO - Generative model configuration loaded successfully.
2024-11-26 15:06:21,556 - inference_log - INFO - API configuration loaded successfully.
2024-11-26 15:06:21,556 - inference_log - INFO - Connecting to the SQLite database at /workspaces/Chatbot-Restaurant/database/restaurant.db...
2024-11-26 15:06:21,556 - inference_log - INFO - Executing query: SELECT * FROM faqs;
2024-11-26 15:06:21,558 - inference_log - INFO - Query executed successfully and database connection closed.
2024-11-26 15:06:21,558 - inference_log - INFO - Data ingested successfully from /workspaces/Chatbot-Restaurant/database/restaurant.db with query: SELECT * FROM faqs;...
2024-11-26 15:06:21,558 - inference_log - INFO - Connecting to the SQLite database at /workspaces/Chatbot-Restaurant/database/restaurant.db...
2024-11-26 15:06:21,558 - inference_log - INFO - Executing query: SELECT * FROM menu_items;
2024-11-26 15:06:21,562 - inference_log - INFO - Query executed successfully and database connection closed.
2024-11-26 15:06:21,562 - inference_log - INFO - Data ingested successfully from /workspaces/Chatbot-Restaurant/database/restaurant.db with query: SELECT * FROM menu_items;...
2024-11-26 15:06:21,564 - inference_log - INFO - Starting Combining Columns
2024-11-26 15:06:21,564 - inference_log - INFO - Verified Types Columns
2024-11-26 15:06:21,564 - inference_log - INFO - Verified Types Data
2024-11-26 15:06:21,566 - inference_log - INFO - Successfully Combined Columns
2024-11-26 15:06:21,566 - inference_log - INFO - Starting Combining Columns
2024-11-26 15:06:21,566 - inference_log - INFO - Verified Types Columns
2024-11-26 15:06:21,566 - inference_log - INFO - Verified Types Data
2024-11-26 15:06:21,572 - inference_log - INFO - Successfully Combined Columns
2024-11-26 15:06:21,573 - inference_log - INFO - Starting embedding for column: combined
2024-11-26 15:06:23,140 - inference_log - INFO - Successfully generated embeddings for column: combined
2024-11-26 15:06:23,140 - inference_log - INFO - Successfully converted embeddings to a NumPy array.
2024-11-26 15:06:23,141 - inference_log - INFO - Starting embedding for column: combined
2024-11-26 15:06:40,746 - inference_log - INFO - Successfully generated embeddings for column: combined
2024-11-26 15:06:40,747 - inference_log - INFO - Successfully converted embeddings to a NumPy array.
2024-11-26 15:06:40,748 - inference_log - INFO - Starting FAISS index creation. Embedding array shape: (111, 384)
2024-11-26 15:06:40,748 - inference_log - INFO - FAISS index created successfully.
2024-11-26 15:06:40,748 - inference_log - INFO - Embeddings added to the FAISS index successfully.
2024-11-26 15:06:40,748 - inference_log - INFO - FAISS index creation completed successfully.
2024-11-26 15:06:40,748 - inference_log - INFO - Starting FAISS index creation. Embedding array shape: (944, 384)
2024-11-26 15:06:40,748 - inference_log - INFO - FAISS index created successfully.
2024-11-26 15:06:40,749 - inference_log - INFO - Embeddings added to the FAISS index successfully.
2024-11-26 15:06:40,749 - inference_log - INFO - FAISS index creation completed successfully.
2024-11-26 15:06:59,576 - inference_log - INFO - Starting retrieval process.
2024-11-26 15:06:59,590 - inference_log - INFO - Query encoded successfully: Hell, U can tell what is you name.
2024-11-26 15:06:59,592 - inference_log - INFO - Top 10 results retrieved from index_1.
2024-11-26 15:06:59,593 - inference_log - INFO - Top 10 results retrieved from index_2.
2024-11-26 15:06:59,593 - inference_log - INFO - Retrieval process completed successfully.
2024-11-26 15:06:59,593 - inference_log - INFO - Generating context for the model.
2024-11-26 15:06:59,594 - inference_log - INFO - Context generated successfully.
2024-11-26 15:07:06,552 - inference_log - INFO - Response generated successfully.
